[2016-02-05 02:44:59] local.ERROR: exception 'PDOException' with message 'SQLSTATE[HY000] [1045] Access denied for user 'homestead'@'localhost' (using password: YES)' in /var/www/ppan.com/trunk/vendor/laravel/framework/src/Illuminate/Database/Connectors/Connector.php:47
Stack trace:
#0 /var/www/ppan.com/trunk/vendor/laravel/framework/src/Illuminate/Database/Connectors/Connector.php(47): PDO->__construct('mysql:host=loca...', 'homestead', 'secret', Array)
#1 /var/www/ppan.com/trunk/vendor/laravel/framework/src/Illuminate/Database/Connectors/MySqlConnector.php(20): Illuminate\Database\Connectors\Connector->createConnection('mysql:host=loca...', Array, Array)
#2 /var/www/ppan.com/trunk/vendor/compiled.php(10673): Illuminate\Database\Connectors\MySqlConnector->connect(Array)
#3 /var/www/ppan.com/trunk/vendor/compiled.php(10669): Illuminate\Database\Connectors\ConnectionFactory->createSingleConnection(Array)
#4 /var/www/ppan.com/trunk/vendor/compiled.php(10587): Illuminate\Database\Connectors\ConnectionFactory->make(Array, 'mysql')
#5 /var/www/ppan.com/trunk/vendor/compiled.php(10542): Illuminate\Database\DatabaseManager->makeConnection('mysql')
#6 /var/www/ppan.com/trunk/vendor/compiled.php(10434): Illuminate\Database\DatabaseManager->connection(NULL)
#7 /var/www/ppan.com/trunk/vendor/compiled.php(10421): Illuminate\Database\Eloquent\Model::resolveConnection(NULL)
#8 /var/www/ppan.com/trunk/vendor/compiled.php(9921): Illuminate\Database\Eloquent\Model->getConnection()
#9 /var/www/ppan.com/trunk/vendor/compiled.php(9898): Illuminate\Database\Eloquent\Model->newBaseQueryBuilder()
#10 /var/www/ppan.com/trunk/vendor/compiled.php(9888): Illuminate\Database\Eloquent\Model->newQueryWithoutScopes()
#11 /var/www/ppan.com/trunk/vendor/compiled.php(718): Illuminate\Database\Eloquent\Model->newQuery()
#12 /var/www/ppan.com/trunk/vendor/compiled.php(514): Illuminate\Auth\EloquentUserProvider->retrieveByCredentials(Array)
#13 /var/www/ppan.com/trunk/vendor/compiled.php(1985): Illuminate\Auth\Guard->attempt(Array, false)
#14 [internal function]: App\Http\Controllers\Auth\AuthController->postLogin(Object(Illuminate\Http\Request))
#15 /var/www/ppan.com/trunk/vendor/compiled.php(8287): call_user_func_array(Array, Array)
#16 /var/www/ppan.com/trunk/vendor/compiled.php(8354): Illuminate\Routing\Controller->callAction('postLogin', Array)
#17 /var/www/ppan.com/trunk/vendor/compiled.php(8333): Illuminate\Routing\ControllerDispatcher->call(Object(App\Http\Controllers\Auth\AuthController), Object(Illuminate\Routing\Route), 'postLogin')
#18 [internal function]: Illuminate\Routing\ControllerDispatcher->Illuminate\Routing\{closure}(Object(Illuminate\Http\Request))
#19 /var/www/ppan.com/trunk/vendor/compiled.php(8952): call_user_func(Object(Closure), Object(Illuminate\Http\Request))
#20 /var/www/ppan.com/trunk/app/Http/Middleware/RedirectIfAuthenticated.php(41): Illuminate\Pipeline\Pipeline->Illuminate\Pipeline\{closure}(Object(Illuminate\Http\Request))
#21 /var/www/ppan.com/trunk/vendor/compiled.php(8944): App\Http\Middleware\RedirectIfAuthenticated->handle(Object(Illuminate\Http\Request), Object(Closure))
#22 [internal function]: Illuminate\Pipeline\Pipeline->Illuminate\Pipeline\{closure}(Object(Illuminate\Http\Request))
#23 /var/www/ppan.com/trunk/vendor/compiled.php(8935): call_user_func(Object(Closure), Object(Illuminate\Http\Request))
#24 /var/www/ppan.com/trunk/vendor/compiled.php(8334): Illuminate\Pipeline\Pipeline->then(Object(Closure))
#25 /var/www/ppan.com/trunk/vendor/compiled.php(8320): Illuminate\Routing\ControllerDispatcher->callWithinStack(Object(App\Http\Controllers\Auth\AuthController), Object(Illuminate\Routing\Route), Object(Illuminate\Http\Request), 'postLogin')
#26 /var/www/ppan.com/trunk/vendor/compiled.php(7317): Illuminate\Routing\ControllerDispatcher->dispatch(Object(Illuminate\Routing\Route), Object(Illuminate\Http\Request), 'App\Http\Contro...', 'postLogin')
#27 /var/www/ppan.com/trunk/vendor/compiled.php(7288): Illuminate\Routing\Route->runWithCustomDispatcher(Object(Illuminate\Http\Request))
#28 /var/www/ppan.com/trunk/vendor/compiled.php(6954): Illuminate\Routing\Route->run(Object(Illuminate\Http\Request))
#29 [internal function]: Illuminate\Routing\Router->Illuminate\Routing\{closure}(Object(Illuminate\Http\Request))
#30 /var/www/ppan.com/trunk/vendor/compiled.php(8952): call_user_func(Object(Closure), Object(Illuminate\Http\Request))
#31 [internal function]: Illuminate\Pipeline\Pipeline->Illuminate\Pipeline\{closure}(Object(Illuminate\Http\Request))
#32 /var/www/ppan.com/trunk/vendor/compiled.php(8935): call_user_func(Object(Closure), Object(Illuminate\Http\Request))
#33 /var/www/ppan.com/trunk/vendor/compiled.php(6955): Illuminate\Pipeline\Pipeline->then(Object(Closure))
#34 /var/www/ppan.com/trunk/vendor/compiled.php(6944): Illuminate\Routing\Router->runRouteWithinStack(Object(Illuminate\Routing\Route), Object(Illuminate\Http\Request))
#35 /var/www/ppan.com/trunk/vendor/compiled.php(6929): Illuminate\Routing\Router->dispatchToRoute(Object(Illuminate\Http\Request))
#36 /var/www/ppan.com/trunk/vendor/compiled.php(1935): Illuminate\Routing\Router->dispatch(Object(Illuminate\Http\Request))
#37 [internal function]: Illuminate\Foundation\Http\Kernel->Illuminate\Foundation\Http\{closure}(Object(Illuminate\Http\Request))
#38 /var/www/ppan.com/trunk/vendor/compiled.php(8952): call_user_func(Object(Closure), Object(Illuminate\Http\Request))
#39 /var/www/ppan.com/trunk/vendor/compiled.php(2438): Illuminate\Pipeline\Pipeline->Illuminate\Pipeline\{closure}(Object(Illuminate\Http\Request))
#40 /var/www/ppan.com/trunk/app/Http/Middleware/VerifyCsrfToken.php(17): Illuminate\Foundation\Http\Middleware\VerifyCsrfToken->handle(Object(Illuminate\Http\Request), Object(Closure))
#41 /var/www/ppan.com/trunk/vendor/compiled.php(8944): App\Http\Middleware\VerifyCsrfToken->handle(Object(Illuminate\Http\Request), Object(Closure))
#42 /var/www/ppan.com/trunk/vendor/compiled.php(12083): Illuminate\Pipeline\Pipeline->Illuminate\Pipeline\{closure}(Object(Illuminate\Http\Request))
#43 /var/www/ppan.com/trunk/vendor/compiled.php(8944): Illuminate\View\Middleware\ShareErrorsFromSession->handle(Object(Illuminate\Http\Request), Object(Closure))
#44 /var/www/ppan.com/trunk/vendor/compiled.php(10785): Illuminate\Pipeline\Pipeline->Illuminate\Pipeline\{closure}(Object(Illuminate\Http\Request))
#45 /var/www/ppan.com/trunk/vendor/compiled.php(8944): Illuminate\Session\Middleware\StartSession->handle(Object(Illuminate\Http\Request), Object(Closure))
#46 /var/www/ppan.com/trunk/vendor/compiled.php(11789): Illuminate\Pipeline\Pipeline->Illuminate\Pipeline\{closure}(Object(Illuminate\Http\Request))
#47 /var/www/ppan.com/trunk/vendor/compiled.php(8944): Illuminate\Cookie\Middleware\AddQueuedCookiesToResponse->handle(Object(Illuminate\Http\Request), Object(Closure))
#48 /var/www/ppan.com/trunk/vendor/compiled.php(11738): Illuminate\Pipeline\Pipeline->Illuminate\Pipeline\{closure}(Object(Illuminate\Http\Request))
#49 /var/www/ppan.com/trunk/vendor/compiled.php(8944): Illuminate\Cookie\Middleware\EncryptCookies->handle(Object(Illuminate\Http\Request), Object(Closure))
#50 /var/www/ppan.com/trunk/vendor/compiled.php(2478): Illuminate\Pipeline\Pipeline->Illuminate\Pipeline\{closure}(Object(Illuminate\Http\Request))
#51 /var/www/ppan.com/trunk/vendor/compiled.php(8944): Illuminate\Foundation\Http\Middleware\CheckForMaintenanceMode->handle(Object(Illuminate\Http\Request), Object(Closure))
#52 [internal function]: Illuminate\Pipeline\Pipeline->Illuminate\Pipeline\{closure}(Object(Illuminate\Http\Request))
#53 /var/www/ppan.com/trunk/vendor/compiled.php(8935): call_user_func(Object(Closure), Object(Illuminate\Http\Request))
#54 /var/www/ppan.com/trunk/vendor/compiled.php(1891): Illuminate\Pipeline\Pipeline->then(Object(Closure))
#55 /var/www/ppan.com/trunk/vendor/compiled.php(1880): Illuminate\Foundation\Http\Kernel->sendRequestThroughRouter(Object(Illuminate\Http\Request))
#56 /var/www/ppan.com/trunk/public_html/index.php(53): Illuminate\Foundation\Http\Kernel->handle(Object(Illuminate\Http\Request))
#57 {main}  
